

Microchip Technology PIC LITE Macro Assembler V1.35 build -356382666 
                                                                                               Sat Apr 16 09:11:44 2016

Microchip Technology Omniscient Code Generator v1.35 (Free mode) build 201507080246
     1                           	processor	12F1840
     2                           	opt	pw 120
     3                           	opt	lm
     4                           	psect	cinit,global,class=CODE,merge=1,delta=2
     5                           	psect	cstackCOMMON,global,class=COMMON,space=1,delta=1
     6                           	psect	maintext,global,class=CODE,merge=1,split=1,delta=2
     7                           	psect	text1,local,class=CODE,merge=1,delta=2
     8                           	dabs	1,0x7E,2
     9  0000                     	;# 
    10  0001                     	;# 
    11  0002                     	;# 
    12  0003                     	;# 
    13  0004                     	;# 
    14  0005                     	;# 
    15  0006                     	;# 
    16  0007                     	;# 
    17  0008                     	;# 
    18  0009                     	;# 
    19  000A                     	;# 
    20  000B                     	;# 
    21  000C                     	;# 
    22  0011                     	;# 
    23  0012                     	;# 
    24  0015                     	;# 
    25  0016                     	;# 
    26  0016                     	;# 
    27  0017                     	;# 
    28  0018                     	;# 
    29  0019                     	;# 
    30  001A                     	;# 
    31  001B                     	;# 
    32  001C                     	;# 
    33  001E                     	;# 
    34  001F                     	;# 
    35  008C                     	;# 
    36  0091                     	;# 
    37  0092                     	;# 
    38  0095                     	;# 
    39  0096                     	;# 
    40  0097                     	;# 
    41  0098                     	;# 
    42  0099                     	;# 
    43  009A                     	;# 
    44  009B                     	;# 
    45  009B                     	;# 
    46  009C                     	;# 
    47  009D                     	;# 
    48  009E                     	;# 
    49  010C                     	;# 
    50  0111                     	;# 
    51  0112                     	;# 
    52  0115                     	;# 
    53  0116                     	;# 
    54  0117                     	;# 
    55  0118                     	;# 
    56  0119                     	;# 
    57  011A                     	;# 
    58  011B                     	;# 
    59  011D                     	;# 
    60  011D                     	;# 
    61  018C                     	;# 
    62  0191                     	;# 
    63  0191                     	;# 
    64  0192                     	;# 
    65  0193                     	;# 
    66  0193                     	;# 
    67  0193                     	;# 
    68  0194                     	;# 
    69  0195                     	;# 
    70  0196                     	;# 
    71  0197                     	;# 
    72  0199                     	;# 
    73  019A                     	;# 
    74  019B                     	;# 
    75  019B                     	;# 
    76  019B                     	;# 
    77  019B                     	;# 
    78  019C                     	;# 
    79  019C                     	;# 
    80  019D                     	;# 
    81  019E                     	;# 
    82  019F                     	;# 
    83  020C                     	;# 
    84  0211                     	;# 
    85  0211                     	;# 
    86  0212                     	;# 
    87  0212                     	;# 
    88  0213                     	;# 
    89  0213                     	;# 
    90  0214                     	;# 
    91  0214                     	;# 
    92  0215                     	;# 
    93  0215                     	;# 
    94  0215                     	;# 
    95  0216                     	;# 
    96  0216                     	;# 
    97  0217                     	;# 
    98  0217                     	;# 
    99  0291                     	;# 
   100  0291                     	;# 
   101  0292                     	;# 
   102  0293                     	;# 
   103  0294                     	;# 
   104  0295                     	;# 
   105  0295                     	;# 
   106  0296                     	;# 
   107  0391                     	;# 
   108  0392                     	;# 
   109  0393                     	;# 
   110  039A                     	;# 
   111  039C                     	;# 
   112  039D                     	;# 
   113  039E                     	;# 
   114  039F                     	;# 
   115  0FE4                     	;# 
   116  0FE5                     	;# 
   117  0FE6                     	;# 
   118  0FE7                     	;# 
   119  0FE8                     	;# 
   120  0FE9                     	;# 
   121  0FEA                     	;# 
   122  0FEB                     	;# 
   123  0FED                     	;# 
   124  0FEE                     	;# 
   125  0FEF                     	;# 
   126  0095                     _OPTION_REG	set	149
   127  0099                     _OSCCON	set	153
   128  008C                     _TRISA	set	140
   129  010C                     _LATA	set	268
   130  018C                     _ANSELA	set	396
   131  020C                     _WPUA	set	524
   132                           
   133                           ; #config settings
   134  0000                     
   135                           	psect	cinit
   136  07FD                     start_initialization:	
   137  07FD                     __initialization:	
   138  07FD                     end_of_initialization:	
   139                           ;End of C runtime variable initialization code
   140                           
   141  07FD                     __end_of__initialization:	
   142  07FD  0020               	movlb	0
   143  07FE  3187  2FEA         	ljmp	_main	;jump to C main() function
   144                           
   145                           	psect	cstackCOMMON
   146  0000                     __pcstackCOMMON:	
   147  0000                     ?_setup:	
   148  0000                     ??_setup:	
   149                           ; 0 bytes @ 0x0
   150                           
   151  0000                     ?_main:	
   152                           ; 0 bytes @ 0x0
   153                           
   154  0000                     ??_main:	
   155                           ; 0 bytes @ 0x0
   156                           
   157                           
   158                           	psect	maintext
   159  07EA                     __pmaintext:	
   160                           ; 0 bytes @ 0x0
   161 ;;
   162 ;;Main: autosize = 0, tempsize = 0, incstack = 0, save=0
   163 ;;
   164 ;; *************** function _main *****************
   165 ;; Defined at:
   166 ;;		line 54 in file "main.c"
   167 ;; Parameters:    Size  Location     Type
   168 ;;		None
   169 ;; Auto vars:     Size  Location     Type
   170 ;;		None
   171 ;; Return value:  Size  Location     Type
   172 ;;		None               void
   173 ;; Registers used:
   174 ;;		wreg, status,2, status,0, pclath, cstack
   175 ;; Tracked objects:
   176 ;;		On entry : B1F/0
   177 ;;		On exit  : 0/0
   178 ;;		Unchanged: 0/0
   179 ;; Data sizes:     COMMON   BANK0   BANK1   BANK2
   180 ;;      Params:         0       0       0       0
   181 ;;      Locals:         0       0       0       0
   182 ;;      Temps:          0       0       0       0
   183 ;;      Totals:         0       0       0       0
   184 ;;Total ram usage:        0 bytes
   185 ;; Hardware stack levels required when called:    1
   186 ;; This function calls:
   187 ;;		_setup
   188 ;; This function is called by:
   189 ;;		Startup code after reset
   190 ;; This function uses a non-reentrant model
   191 ;;
   192                           
   193                           
   194                           ;psect for function _main
   195  07EA                     _main:	
   196                           
   197                           ;main.c: 55: setup();
   198                           
   199                           ;incstack = 0
   200                           ; Regs used in _main: [wreg+status,2+status,0+pclath+cstack]
   201  07EA  3187  27EE         	fcall	_setup
   202  07EC  3180  2802         	ljmp	start
   203  07EE                     __end_of_main:	
   204                           
   205                           	psect	text1
   206  07EE                     __ptext1:	
   207 ;; *************** function _setup *****************
   208 ;; Defined at:
   209 ;;		line 39 in file "main.c"
   210 ;; Parameters:    Size  Location     Type
   211 ;;		None
   212 ;; Auto vars:     Size  Location     Type
   213 ;;		None
   214 ;; Return value:  Size  Location     Type
   215 ;;		None               void
   216 ;; Registers used:
   217 ;;		wreg, status,2
   218 ;; Tracked objects:
   219 ;;		On entry : 0/0
   220 ;;		On exit  : 0/0
   221 ;;		Unchanged: 0/0
   222 ;; Data sizes:     COMMON   BANK0   BANK1   BANK2
   223 ;;      Params:         0       0       0       0
   224 ;;      Locals:         0       0       0       0
   225 ;;      Temps:          0       0       0       0
   226 ;;      Totals:         0       0       0       0
   227 ;;Total ram usage:        0 bytes
   228 ;; Hardware stack levels used:    1
   229 ;; This function calls:
   230 ;;		Nothing
   231 ;; This function is called by:
   232 ;;		_main
   233 ;; This function uses a non-reentrant model
   234 ;;
   235                           
   236                           
   237                           ;psect for function _setup
   238  07EE                     _setup:	
   239                           
   240                           ;main.c: 41: OSCCON = 0x70;
   241                           
   242                           ;incstack = 0
   243                           ; Regs used in _setup: [wreg+status,2]
   244  07EE  3070               	movlw	112
   245  07EF  0021               	movlb	1	; select bank1
   246  07F0  0099               	movwf	25	;volatile
   247                           
   248                           ;main.c: 42: OPTION_REG = 0x5F;
   249  07F1  305F               	movlw	95
   250  07F2  0095               	movwf	21	;volatile
   251                           
   252                           ;main.c: 45: TRISA = 0x39;
   253  07F3  3039               	movlw	57
   254  07F4  008C               	movwf	12	;volatile
   255                           
   256                           ;main.c: 46: ANSELA = 0x00;
   257  07F5  0023               	movlb	3	; select bank3
   258  07F6  018C               	clrf	12	;volatile
   259                           
   260                           ;main.c: 47: WPUA = 0x01;
   261  07F7  3001               	movlw	1
   262  07F8  0024               	movlb	4	; select bank4
   263  07F9  008C               	movwf	12	;volatile
   264                           
   265                           ;main.c: 48: LATA = 0x00;
   266  07FA  0022               	movlb	2	; select bank2
   267  07FB  018C               	clrf	12	;volatile
   268  07FC  0008               	return
   269  07FD                     __end_of_setup:	
   270  007E                     btemp	set	126	;btemp
   271  007E                     wtemp	set	126
   272  007E                     wtemp0	set	126
   273  0080                     wtemp1	set	128
   274  0082                     wtemp2	set	130
   275  0084                     wtemp3	set	132
   276  0086                     wtemp4	set	134
   277  0088                     wtemp5	set	136
   278  007F                     wtemp6	set	127
   279  007E                     ttemp	set	126
   280  007E                     ttemp0	set	126
   281  0081                     ttemp1	set	129
   282  0084                     ttemp2	set	132
   283  0087                     ttemp3	set	135
   284  007F                     ttemp4	set	127
   285  007E                     ltemp	set	126
   286  007E                     ltemp0	set	126
   287  0082                     ltemp1	set	130
   288  0086                     ltemp2	set	134
   289  0080                     ltemp3	set	128


Data Sizes:
    Strings     0
    Constant    0
    Data        0
    BSS         0
    Persistent  0
    Stack       0

Auto Spaces:
    Space          Size  Autos    Used
    COMMON           14      0       0
    BANK0            80      0       0
    BANK1            80      0       0
    BANK2            80      0       0

Pointer List with Targets:

    None.

Critical Paths under _main in COMMON

    None.

Critical Paths under _main in BANK0

    None.

Critical Paths under _main in BANK1

    None.

Critical Paths under _main in BANK2

    None.

Call Graph Tables:

 ---------------------------------------------------------------------------------
 (Depth) Function   	        Calls       Base Space   Used Autos Params    Refs
 ---------------------------------------------------------------------------------
 (0) _main                                                 0     0      0       0
                              _setup
 ---------------------------------------------------------------------------------
 (1) _setup                                                0     0      0       0
 ---------------------------------------------------------------------------------
 Estimated maximum stack depth 1
 ---------------------------------------------------------------------------------

 Call Graph Graphs:

 _main (ROOT)
   _setup

 Address spaces:
Name               Size   Autos  Total    Cost      Usage
BIGRAM              F0      0       0       0        0.0%
EEDATA             100      0       0       0        0.0%
NULL                 0      0       0       0        0.0%
CODE                 0      0       0       0        0.0%
BITCOMMON            E      0       0       1        0.0%
BITSFR0              0      0       0       1        0.0%
SFR0                 0      0       0       1        0.0%
COMMON               E      0       0       2        0.0%
BITSFR1              0      0       0       2        0.0%
SFR1                 0      0       0       2        0.0%
BITSFR2              0      0       0       3        0.0%
SFR2                 0      0       0       3        0.0%
STACK                0      0       0       3        0.0%
BITSFR3              0      0       0       4        0.0%
SFR3                 0      0       0       4        0.0%
ABS                  0      0       0       4        0.0%
BITBANK0            50      0       0       5        0.0%
BITSFR4              0      0       0       5        0.0%
SFR4                 0      0       0       5        0.0%
BANK0               50      0       0       6        0.0%
BITSFR5              0      0       0       6        0.0%
SFR5                 0      0       0       6        0.0%
BITBANK1            50      0       0       7        0.0%
BITSFR6              0      0       0       7        0.0%
SFR6                 0      0       0       7        0.0%
BANK1               50      0       0       8        0.0%
BITSFR7              0      0       0       8        0.0%
SFR7                 0      0       0       8        0.0%
BITBANK2            50      0       0       9        0.0%
BITSFR8              0      0       0       9        0.0%
SFR8                 0      0       0       9        0.0%
BANK2               50      0       0      10        0.0%
BITSFR9              0      0       0      10        0.0%
SFR9                 0      0       0      10        0.0%
BITSFR10             0      0       0      11        0.0%
SFR10                0      0       0      11        0.0%
DATA                 0      0       0      11        0.0%
BITSFR11             0      0       0      12        0.0%
SFR11                0      0       0      12        0.0%
BITSFR12             0      0       0      13        0.0%
SFR12                0      0       0      13        0.0%
BITSFR13             0      0       0      14        0.0%
SFR13                0      0       0      14        0.0%
BITSFR14             0      0       0      15        0.0%
SFR14                0      0       0      15        0.0%
BITSFR15             0      0       0      16        0.0%
SFR15                0      0       0      16        0.0%
BITSFR16             0      0       0      17        0.0%
SFR16                0      0       0      17        0.0%
BITSFR17             0      0       0      18        0.0%
SFR17                0      0       0      18        0.0%
BITSFR18             0      0       0      19        0.0%
SFR18                0      0       0      19        0.0%
BITSFR19             0      0       0      20        0.0%
SFR19                0      0       0      20        0.0%
BITSFR20             0      0       0      21        0.0%
SFR20                0      0       0      21        0.0%
BITSFR21             0      0       0      22        0.0%
SFR21                0      0       0      22        0.0%
BITSFR22             0      0       0      23        0.0%
SFR22                0      0       0      23        0.0%
BITSFR23             0      0       0      24        0.0%
SFR23                0      0       0      24        0.0%
BITSFR24             0      0       0      25        0.0%
SFR24                0      0       0      25        0.0%
BITSFR25             0      0       0      26        0.0%
SFR25                0      0       0      26        0.0%
BITSFR26             0      0       0      27        0.0%
SFR26                0      0       0      27        0.0%
BITSFR27             0      0       0      28        0.0%
SFR27                0      0       0      28        0.0%
BITSFR28             0      0       0      29        0.0%
SFR28                0      0       0      29        0.0%
BITSFR29             0      0       0      30        0.0%
SFR29                0      0       0      30        0.0%
BITSFR30             0      0       0      31        0.0%
SFR30                0      0       0      31        0.0%
BITSFR31             0      0       0      32        0.0%
SFR31                0      0       0      32        0.0%


Microchip Technology PIC Macro Assembler V1.35 build -356382666 
Symbol Table                                                                                   Sat Apr 16 09:11:44 2016

            __CFG_CP$OFF 0000             __CFG_CPD$OFF 0000             __CFG_BORV$LO 0000  
           __CFG_IESO$ON 0000             __CFG_LVP$OFF 0000                     _LATA 010C  
                   _WPUA 020C             __CFG_WRT$OFF 0000            __CFG_FCMEN$ON 0000  
                   _main 07EA                     btemp 007E            __CFG_BOREN$ON 0000  
                   ltemp 007E                     start 0002                     ttemp 007E  
                   wtemp 007E            __CFG_MCLRE$ON 0000                    ?_main 0000  
          __CFG_WDTE$OFF 0000                    _TRISA 008C                    _setup 07EE  
                  ltemp0 007E                    ltemp1 0082                    ltemp2 0086  
                  ltemp3 0080                    ttemp0 007E                    ttemp1 0081  
                  ttemp2 0084                    ttemp3 0087                    ttemp4 007F  
                  wtemp0 007E                    wtemp1 0080                    wtemp2 0082  
                  wtemp3 0084                    wtemp4 0086                    wtemp5 0088  
                  wtemp6 007F          __initialization 07FD             __end_of_main 07EE  
                 ??_main 0000           __CFG_PLLEN$OFF 0000                   ?_setup 0000  
                 _ANSELA 018C                   _OSCCON 0099           __CFG_PWRTE$OFF 0000  
         __CFG_STVREN$ON 0000  __end_of__initialization 07FD           __pcstackCOMMON 0000  
          __end_of_setup 07FD                  ??_setup 0000               __pmaintext 07EA  
                __ptext1 07EE     end_of_initialization 07FD         __CFG_FOSC$INTOSC 0000  
    start_initialization 07FD                ___latbits 0001           __size_of_setup 000F  
          __size_of_main 0004        __CFG_CLKOUTEN$OFF 0000               _OPTION_REG 0095  
